running egg_info
writing ../../build/fake_gps_drift/fake_gps_drift.egg-info/PKG-INFO
writing dependency_links to ../../build/fake_gps_drift/fake_gps_drift.egg-info/dependency_links.txt
writing entry points to ../../build/fake_gps_drift/fake_gps_drift.egg-info/entry_points.txt
writing requirements to ../../build/fake_gps_drift/fake_gps_drift.egg-info/requires.txt
writing top-level names to ../../build/fake_gps_drift/fake_gps_drift.egg-info/top_level.txt
reading manifest file '../../build/fake_gps_drift/fake_gps_drift.egg-info/SOURCES.txt'
adding license file 'LICENSE'
writing manifest file '../../build/fake_gps_drift/fake_gps_drift.egg-info/SOURCES.txt'
running build
running build_py
running install
running install_lib
running install_data
running install_egg_info
removing '/home/boko/airship_simulation_ros_jazzy/install/fake_gps_drift/lib/python3.12/site-packages/fake_gps_drift-0.0.0-py3.12.egg-info' (and everything under it)
Copying ../../build/fake_gps_drift/fake_gps_drift.egg-info to /home/boko/airship_simulation_ros_jazzy/install/fake_gps_drift/lib/python3.12/site-packages/fake_gps_drift-0.0.0-py3.12.egg-info
running install_scripts
Installing fake_gps_drift_node script to /home/boko/airship_simulation_ros_jazzy/install/fake_gps_drift/lib/fake_gps_drift
writing list of installed files to '/home/boko/airship_simulation_ros_jazzy/build/fake_gps_drift/install.log'
