[0.590s] Invoking command in '/home/boko/airship_simulation_ros_jazzy/src/fake_gps_drift': DEBUGINFOD_URLS=https://debuginfod.ubuntu.com PYTHONPATH=/home/boko/airship_simulation_ros_jazzy/build/fake_gps_drift/prefix_override:/usr/lib/python3/dist-packages/colcon_core/task/python/colcon_distutils_commands:/home/boko/airship_simulation_ros_jazzy/install/fake_gps_drift/lib/python3.12/site-packages:${PYTHONPATH} /usr/bin/python3 -W ignore:setup.py install is deprecated -W ignore:easy_install command is deprecated setup.py egg_info --egg-base ../../build/fake_gps_drift build --build-base /home/boko/airship_simulation_ros_jazzy/build/fake_gps_drift/build install --record /home/boko/airship_simulation_ros_jazzy/build/fake_gps_drift/install.log --single-version-externally-managed install_data
[0.761s] running egg_info
[0.774s] writing ../../build/fake_gps_drift/fake_gps_drift.egg-info/PKG-INFO
[0.779s] writing dependency_links to ../../build/fake_gps_drift/fake_gps_drift.egg-info/dependency_links.txt
[0.779s] writing entry points to ../../build/fake_gps_drift/fake_gps_drift.egg-info/entry_points.txt
[0.779s] writing requirements to ../../build/fake_gps_drift/fake_gps_drift.egg-info/requires.txt
[0.779s] writing top-level names to ../../build/fake_gps_drift/fake_gps_drift.egg-info/top_level.txt
[0.806s] reading manifest file '../../build/fake_gps_drift/fake_gps_drift.egg-info/SOURCES.txt'
[0.806s] adding license file 'LICENSE'
[0.806s] writing manifest file '../../build/fake_gps_drift/fake_gps_drift.egg-info/SOURCES.txt'
[0.806s] running build
[0.806s] running build_py
[0.807s] running install
[0.811s] running install_lib
[0.824s] running install_data
[0.825s] running install_egg_info
[0.839s] removing '/home/boko/airship_simulation_ros_jazzy/install/fake_gps_drift/lib/python3.12/site-packages/fake_gps_drift-0.0.0-py3.12.egg-info' (and everything under it)
[0.839s] Copying ../../build/fake_gps_drift/fake_gps_drift.egg-info to /home/boko/airship_simulation_ros_jazzy/install/fake_gps_drift/lib/python3.12/site-packages/fake_gps_drift-0.0.0-py3.12.egg-info
[0.839s] running install_scripts
[0.925s] Installing fake_gps_drift_node script to /home/boko/airship_simulation_ros_jazzy/install/fake_gps_drift/lib/fake_gps_drift
[0.925s] writing list of installed files to '/home/boko/airship_simulation_ros_jazzy/build/fake_gps_drift/install.log'
[0.940s] Invoked command in '/home/boko/airship_simulation_ros_jazzy/src/fake_gps_drift' returned '0': DEBUGINFOD_URLS=https://debuginfod.ubuntu.com PYTHONPATH=/home/boko/airship_simulation_ros_jazzy/build/fake_gps_drift/prefix_override:/usr/lib/python3/dist-packages/colcon_core/task/python/colcon_distutils_commands:/home/boko/airship_simulation_ros_jazzy/install/fake_gps_drift/lib/python3.12/site-packages:${PYTHONPATH} /usr/bin/python3 -W ignore:setup.py install is deprecated -W ignore:easy_install command is deprecated setup.py egg_info --egg-base ../../build/fake_gps_drift build --build-base /home/boko/airship_simulation_ros_jazzy/build/fake_gps_drift/build install --record /home/boko/airship_simulation_ros_jazzy/build/fake_gps_drift/install.log --single-version-externally-managed install_data
