running develop
running egg_info
writing fake_gps_drift.egg-info/PKG-INFO
writing dependency_links to fake_gps_drift.egg-info/dependency_links.txt
writing entry points to fake_gps_drift.egg-info/entry_points.txt
writing requirements to fake_gps_drift.egg-info/requires.txt
writing top-level names to fake_gps_drift.egg-info/top_level.txt
reading manifest file 'fake_gps_drift.egg-info/SOURCES.txt'
writing manifest file 'fake_gps_drift.egg-info/SOURCES.txt'
running build_ext
Creating /home/boko/airship_simulation_ros_jazzy/install/fake_gps_drift/lib/python3.12/site-packages/fake-gps-drift.egg-link (link to .)
Installing fake_gps_drift_node script to /home/boko/airship_simulation_ros_jazzy/install/fake_gps_drift/bin

Installed /home/boko/airship_simulation_ros_jazzy/build/fake_gps_drift
running symlink_data
creating /home/boko/airship_simulation_ros_jazzy/install/fake_gps_drift/share
creating /home/boko/airship_simulation_ros_jazzy/install/fake_gps_drift/share/ament_index
creating /home/boko/airship_simulation_ros_jazzy/install/fake_gps_drift/share/ament_index/resource_index
creating /home/boko/airship_simulation_ros_jazzy/install/fake_gps_drift/share/ament_index/resource_index/packages
symbolically linking /home/boko/airship_simulation_ros_jazzy/build/fake_gps_drift/resource/fake_gps_drift -> /home/boko/airship_simulation_ros_jazzy/install/fake_gps_drift/share/ament_index/resource_index/packages
creating /home/boko/airship_simulation_ros_jazzy/install/fake_gps_drift/share/fake_gps_drift
symbolically linking /home/boko/airship_simulation_ros_jazzy/build/fake_gps_drift/package.xml -> /home/boko/airship_simulation_ros_jazzy/install/fake_gps_drift/share/fake_gps_drift
creating /home/boko/airship_simulation_ros_jazzy/install/fake_gps_drift/share/fake_gps_drift/launch
symbolically linking /home/boko/airship_simulation_ros_jazzy/build/fake_gps_drift/launch/default.launch.py -> /home/boko/airship_simulation_ros_jazzy/install/fake_gps_drift/share/fake_gps_drift/launch
