[0.068s] DEBUG:colcon:Command line arguments: ['/usr/bin/colcon', 'build', '--symlink-install']
[0.068s] DEBUG:colcon:Parsed command line arguments: Namespace(log_base=None, log_level=None, verb_name='build', build_base='build', install_base='install', merge_install=False, symlink_install=True, test_result_base=None, continue_on_error=False, executor='parallel', parallel_workers=16, event_handlers=None, ignore_user_meta=False, metas=['./colcon.meta'], base_paths=['.'], packages_ignore=None, packages_ignore_regex=None, paths=None, packages_up_to=None, packages_up_to_regex=None, packages_above=None, packages_above_and_dependencies=None, packages_above_depth=None, packages_select_by_dep=None, packages_skip_by_dep=None, packages_skip_up_to=None, packages_select_build_failed=False, packages_skip_build_finished=False, packages_select_test_failures=False, packages_skip_test_passed=False, packages_select=None, packages_skip=None, packages_select_regex=None, packages_skip_regex=None, packages_start=None, packages_end=None, allow_overriding=[], cmake_args=None, cmake_target=None, cmake_target_skip_unavailable=False, cmake_clean_cache=False, cmake_clean_first=False, cmake_force_configure=False, ament_cmake_args=None, catkin_cmake_args=None, catkin_skip_building_tests=False, verb_parser=<colcon_defaults.argument_parser.defaults.DefaultArgumentsDecorator object at 0x7bb5855771d0>, verb_extension=<colcon_core.verb.build.BuildVerb object at 0x7bb585576840>, main=<bound method BuildVerb.main of <colcon_core.verb.build.BuildVerb object at 0x7bb585576840>>)
[0.093s] Level 1:colcon.colcon_core.package_discovery:discover_packages(colcon_meta) check parameters
[0.093s] Level 1:colcon.colcon_core.package_discovery:discover_packages(recursive) check parameters
[0.093s] Level 1:colcon.colcon_core.package_discovery:discover_packages(ignore) check parameters
[0.093s] Level 1:colcon.colcon_core.package_discovery:discover_packages(path) check parameters
[0.093s] Level 1:colcon.colcon_core.package_discovery:discover_packages(colcon_meta) discover
[0.093s] Level 1:colcon.colcon_core.package_discovery:discover_packages(recursive) discover
[0.093s] INFO:colcon.colcon_core.package_discovery:Crawling recursively for packages in '/home/boko/airship_simulation_ros_jazzy'
[0.094s] Level 1:colcon.colcon_core.package_identification:_identify(.) by extensions ['ignore', 'ignore_ament_install']
[0.094s] Level 1:colcon.colcon_core.package_identification:_identify(.) by extension 'ignore'
[0.094s] Level 1:colcon.colcon_core.package_identification:_identify(.) by extension 'ignore_ament_install'
[0.094s] Level 1:colcon.colcon_core.package_identification:_identify(.) by extensions ['colcon_pkg']
[0.094s] Level 1:colcon.colcon_core.package_identification:_identify(.) by extension 'colcon_pkg'
[0.094s] Level 1:colcon.colcon_core.package_identification:_identify(.) by extensions ['colcon_meta']
[0.094s] Level 1:colcon.colcon_core.package_identification:_identify(.) by extension 'colcon_meta'
[0.094s] Level 1:colcon.colcon_core.package_identification:_identify(.) by extensions ['ros']
[0.094s] Level 1:colcon.colcon_core.package_identification:_identify(.) by extension 'ros'
[0.110s] Level 1:colcon.colcon_core.package_identification:_identify(.) by extensions ['cmake', 'python']
[0.110s] Level 1:colcon.colcon_core.package_identification:_identify(.) by extension 'cmake'
[0.110s] Level 1:colcon.colcon_core.package_identification:_identify(.) by extension 'python'
[0.110s] Level 1:colcon.colcon_core.package_identification:_identify(.) by extensions ['python_setup_py']
[0.110s] Level 1:colcon.colcon_core.package_identification:_identify(.) by extension 'python_setup_py'
[0.110s] Level 1:colcon.colcon_core.package_identification:_identify(build) by extensions ['ignore', 'ignore_ament_install']
[0.110s] Level 1:colcon.colcon_core.package_identification:_identify(build) by extension 'ignore'
[0.110s] Level 1:colcon.colcon_core.package_identification:_identify(build) ignored
[0.110s] Level 1:colcon.colcon_core.package_identification:_identify(install) by extensions ['ignore', 'ignore_ament_install']
[0.110s] Level 1:colcon.colcon_core.package_identification:_identify(install) by extension 'ignore'
[0.110s] Level 1:colcon.colcon_core.package_identification:_identify(install) ignored
[0.110s] Level 1:colcon.colcon_core.package_identification:_identify(log) by extensions ['ignore', 'ignore_ament_install']
[0.111s] Level 1:colcon.colcon_core.package_identification:_identify(log) by extension 'ignore'
[0.111s] Level 1:colcon.colcon_core.package_identification:_identify(log) ignored
[0.111s] Level 1:colcon.colcon_core.package_identification:_identify(src) by extensions ['ignore', 'ignore_ament_install']
[0.111s] Level 1:colcon.colcon_core.package_identification:_identify(src) by extension 'ignore'
[0.111s] Level 1:colcon.colcon_core.package_identification:_identify(src) by extension 'ignore_ament_install'
[0.111s] Level 1:colcon.colcon_core.package_identification:_identify(src) by extensions ['colcon_pkg']
[0.111s] Level 1:colcon.colcon_core.package_identification:_identify(src) by extension 'colcon_pkg'
[0.111s] Level 1:colcon.colcon_core.package_identification:_identify(src) by extensions ['colcon_meta']
[0.111s] Level 1:colcon.colcon_core.package_identification:_identify(src) by extension 'colcon_meta'
[0.111s] Level 1:colcon.colcon_core.package_identification:_identify(src) by extensions ['ros']
[0.111s] Level 1:colcon.colcon_core.package_identification:_identify(src) by extension 'ros'
[0.111s] Level 1:colcon.colcon_core.package_identification:_identify(src) by extensions ['cmake', 'python']
[0.111s] Level 1:colcon.colcon_core.package_identification:_identify(src) by extension 'cmake'
[0.111s] Level 1:colcon.colcon_core.package_identification:_identify(src) by extension 'python'
[0.111s] Level 1:colcon.colcon_core.package_identification:_identify(src) by extensions ['python_setup_py']
[0.111s] Level 1:colcon.colcon_core.package_identification:_identify(src) by extension 'python_setup_py'
[0.111s] Level 1:colcon.colcon_core.package_identification:_identify(src/fake_gps_drift) by extensions ['ignore', 'ignore_ament_install']
[0.111s] Level 1:colcon.colcon_core.package_identification:_identify(src/fake_gps_drift) by extension 'ignore'
[0.111s] Level 1:colcon.colcon_core.package_identification:_identify(src/fake_gps_drift) by extension 'ignore_ament_install'
[0.111s] Level 1:colcon.colcon_core.package_identification:_identify(src/fake_gps_drift) by extensions ['colcon_pkg']
[0.111s] Level 1:colcon.colcon_core.package_identification:_identify(src/fake_gps_drift) by extension 'colcon_pkg'
[0.111s] Level 1:colcon.colcon_core.package_identification:_identify(src/fake_gps_drift) by extensions ['colcon_meta']
[0.111s] Level 1:colcon.colcon_core.package_identification:_identify(src/fake_gps_drift) by extension 'colcon_meta'
[0.111s] Level 1:colcon.colcon_core.package_identification:_identify(src/fake_gps_drift) by extensions ['ros']
[0.111s] Level 1:colcon.colcon_core.package_identification:_identify(src/fake_gps_drift) by extension 'ros'
[0.113s] DEBUG:colcon.colcon_core.package_identification:Failed to parse potential ROS package manifest in'src/fake_gps_drift': Error(s) in package 'src/fake_gps_drift/package.xml':
Error(s):
- The "license" tag must not contain the following children: Apache-2
[0.113s] Level 1:colcon.colcon_core.package_identification:_identify(src/fake_gps_drift) by extensions ['cmake', 'python']
[0.113s] Level 1:colcon.colcon_core.package_identification:_identify(src/fake_gps_drift) by extension 'cmake'
[0.113s] Level 1:colcon.colcon_core.package_identification:_identify(src/fake_gps_drift) by extension 'python'
[0.113s] DEBUG:colcon.colcon_core.package_identification:Python package in 'src/fake_gps_drift' passes arguments to the setup() function which requires a different identification extension than 'python'
[0.113s] Level 1:colcon.colcon_core.package_identification:_identify(src/fake_gps_drift) by extensions ['python_setup_py']
[0.113s] Level 1:colcon.colcon_core.package_identification:_identify(src/fake_gps_drift) by extension 'python_setup_py'
[0.253s] DEBUG:colcon.colcon_core.package_identification:Package 'src/fake_gps_drift' with type 'python' and name 'fake_gps_drift'
[0.253s] Level 1:colcon.colcon_core.package_discovery:discover_packages(recursive) using defaults
[0.253s] Level 1:colcon.colcon_core.package_discovery:discover_packages(ignore) discover
[0.253s] Level 1:colcon.colcon_core.package_discovery:discover_packages(ignore) using defaults
[0.253s] Level 1:colcon.colcon_core.package_discovery:discover_packages(path) discover
[0.253s] Level 1:colcon.colcon_core.package_discovery:discover_packages(path) using defaults
[0.265s] Level 1:colcon.colcon_core.package_discovery:discover_packages(prefix_path) check parameters
[0.265s] Level 1:colcon.colcon_core.package_discovery:discover_packages(prefix_path) discover
[0.267s] DEBUG:colcon.colcon_installed_package_information.package_discovery:Found 365 installed packages in /opt/ros/jazzy
[0.268s] Level 1:colcon.colcon_core.package_discovery:discover_packages(prefix_path) using defaults
[0.299s] Level 5:colcon.colcon_core.verb:set package 'fake_gps_drift' build argument 'cmake_args' from command line to 'None'
[0.299s] Level 5:colcon.colcon_core.verb:set package 'fake_gps_drift' build argument 'cmake_target' from command line to 'None'
[0.299s] Level 5:colcon.colcon_core.verb:set package 'fake_gps_drift' build argument 'cmake_target_skip_unavailable' from command line to 'False'
[0.299s] Level 5:colcon.colcon_core.verb:set package 'fake_gps_drift' build argument 'cmake_clean_cache' from command line to 'False'
[0.299s] Level 5:colcon.colcon_core.verb:set package 'fake_gps_drift' build argument 'cmake_clean_first' from command line to 'False'
[0.299s] Level 5:colcon.colcon_core.verb:set package 'fake_gps_drift' build argument 'cmake_force_configure' from command line to 'False'
[0.299s] Level 5:colcon.colcon_core.verb:set package 'fake_gps_drift' build argument 'ament_cmake_args' from command line to 'None'
[0.299s] Level 5:colcon.colcon_core.verb:set package 'fake_gps_drift' build argument 'catkin_cmake_args' from command line to 'None'
[0.299s] Level 5:colcon.colcon_core.verb:set package 'fake_gps_drift' build argument 'catkin_skip_building_tests' from command line to 'False'
[0.299s] DEBUG:colcon.colcon_core.verb:Building package 'fake_gps_drift' with the following arguments: {'ament_cmake_args': None, 'build_base': '/home/boko/airship_simulation_ros_jazzy/build/fake_gps_drift', 'catkin_cmake_args': None, 'catkin_skip_building_tests': False, 'cmake_args': None, 'cmake_clean_cache': False, 'cmake_clean_first': False, 'cmake_force_configure': False, 'cmake_target': None, 'cmake_target_skip_unavailable': False, 'install_base': '/home/boko/airship_simulation_ros_jazzy/install/fake_gps_drift', 'merge_install': False, 'path': '/home/boko/airship_simulation_ros_jazzy/src/fake_gps_drift', 'symlink_install': True, 'test_result_base': None}
[0.299s] INFO:colcon.colcon_core.executor:Executing jobs using 'parallel' executor
[0.300s] DEBUG:colcon.colcon_parallel_executor.executor.parallel:run_until_complete
[0.300s] INFO:colcon.colcon_core.task.python.build:Building Python package in '/home/boko/airship_simulation_ros_jazzy/src/fake_gps_drift'
[0.301s] INFO:colcon.colcon_core.plugin_system:Skipping extension 'colcon_core.shell.bat': Not used on non-Windows systems
[0.301s] INFO:colcon.colcon_core.shell:Skip shell extension 'powershell' for command environment: Not usable outside of PowerShell
[0.301s] DEBUG:colcon.colcon_core.shell:Skip shell extension 'dsv' for command environment
[0.841s] DEBUG:colcon.colcon_core.event_handler.log_command:Invoking command in '/home/boko/airship_simulation_ros_jazzy/build/fake_gps_drift': DEBUGINFOD_URLS=https://debuginfod.ubuntu.com PYTHONPATH=/home/boko/airship_simulation_ros_jazzy/build/fake_gps_drift/prefix_override:/usr/lib/python3/dist-packages/colcon_core/task/python/colcon_distutils_commands:/home/boko/airship_simulation_ros_jazzy/install/fake_gps_drift/lib/python3.12/site-packages:${PYTHONPATH} /usr/bin/python3 -W ignore:setup.py install is deprecated -W ignore:easy_install command is deprecated setup.py develop --editable --build-directory /home/boko/airship_simulation_ros_jazzy/build/fake_gps_drift/build --no-deps symlink_data
[1.301s] Level 1:colcon.colcon_core.shell:create_environment_hook('fake_gps_drift', 'pythonpath_develop')
[1.301s] INFO:colcon.colcon_core.shell:Creating environment hook '/home/boko/airship_simulation_ros_jazzy/build/fake_gps_drift/share/fake_gps_drift/hook/pythonpath_develop.ps1'
[1.303s] DEBUG:colcon.colcon_core.event_handler.log_command:Invoked command in '/home/boko/airship_simulation_ros_jazzy/build/fake_gps_drift' returned '0': DEBUGINFOD_URLS=https://debuginfod.ubuntu.com PYTHONPATH=/home/boko/airship_simulation_ros_jazzy/build/fake_gps_drift/prefix_override:/usr/lib/python3/dist-packages/colcon_core/task/python/colcon_distutils_commands:/home/boko/airship_simulation_ros_jazzy/install/fake_gps_drift/lib/python3.12/site-packages:${PYTHONPATH} /usr/bin/python3 -W ignore:setup.py install is deprecated -W ignore:easy_install command is deprecated setup.py develop --editable --build-directory /home/boko/airship_simulation_ros_jazzy/build/fake_gps_drift/build --no-deps symlink_data
[1.304s] INFO:colcon.colcon_core.shell:Creating environment descriptor '/home/boko/airship_simulation_ros_jazzy/build/fake_gps_drift/share/fake_gps_drift/hook/pythonpath_develop.dsv'
[1.305s] INFO:colcon.colcon_core.shell:Creating environment hook '/home/boko/airship_simulation_ros_jazzy/build/fake_gps_drift/share/fake_gps_drift/hook/pythonpath_develop.sh'
[1.308s] Level 1:colcon.colcon_core.environment:checking '/home/boko/airship_simulation_ros_jazzy/install/fake_gps_drift' for CMake module files
[1.308s] Level 1:colcon.colcon_core.environment:checking '/home/boko/airship_simulation_ros_jazzy/install/fake_gps_drift' for CMake config files
[1.308s] Level 1:colcon.colcon_core.environment:checking '/home/boko/airship_simulation_ros_jazzy/install/fake_gps_drift/lib'
[1.308s] Level 1:colcon.colcon_core.environment:checking '/home/boko/airship_simulation_ros_jazzy/install/fake_gps_drift/bin'
[1.308s] Level 1:colcon.colcon_core.shell:create_environment_hook('fake_gps_drift', 'path')
[1.309s] INFO:colcon.colcon_core.shell:Creating environment hook '/home/boko/airship_simulation_ros_jazzy/install/fake_gps_drift/share/fake_gps_drift/hook/path.ps1'
[1.309s] INFO:colcon.colcon_core.shell:Creating environment descriptor '/home/boko/airship_simulation_ros_jazzy/install/fake_gps_drift/share/fake_gps_drift/hook/path.dsv'
[1.309s] INFO:colcon.colcon_core.shell:Creating environment hook '/home/boko/airship_simulation_ros_jazzy/install/fake_gps_drift/share/fake_gps_drift/hook/path.sh'
[1.310s] Level 1:colcon.colcon_core.environment:checking '/home/boko/airship_simulation_ros_jazzy/install/fake_gps_drift/lib/pkgconfig/fake_gps_drift.pc'
[1.310s] Level 1:colcon.colcon_core.environment:checking '/home/boko/airship_simulation_ros_jazzy/install/fake_gps_drift/lib/python3.12/site-packages'
[1.310s] Level 1:colcon.colcon_core.shell:create_environment_hook('fake_gps_drift', 'pythonpath')
[1.310s] INFO:colcon.colcon_core.shell:Creating environment hook '/home/boko/airship_simulation_ros_jazzy/install/fake_gps_drift/share/fake_gps_drift/hook/pythonpath.ps1'
[1.310s] INFO:colcon.colcon_core.shell:Creating environment descriptor '/home/boko/airship_simulation_ros_jazzy/install/fake_gps_drift/share/fake_gps_drift/hook/pythonpath.dsv'
[1.311s] INFO:colcon.colcon_core.shell:Creating environment hook '/home/boko/airship_simulation_ros_jazzy/install/fake_gps_drift/share/fake_gps_drift/hook/pythonpath.sh'
[1.311s] Level 1:colcon.colcon_core.environment:checking '/home/boko/airship_simulation_ros_jazzy/install/fake_gps_drift/bin'
[1.311s] Level 1:colcon.colcon_core.shell:create_environment_hook('fake_gps_drift', 'pythonscriptspath')
[1.311s] INFO:colcon.colcon_core.shell:Creating environment hook '/home/boko/airship_simulation_ros_jazzy/install/fake_gps_drift/share/fake_gps_drift/hook/pythonscriptspath.ps1'
[1.311s] INFO:colcon.colcon_core.shell:Creating environment descriptor '/home/boko/airship_simulation_ros_jazzy/install/fake_gps_drift/share/fake_gps_drift/hook/pythonscriptspath.dsv'
[1.311s] INFO:colcon.colcon_core.shell:Creating environment hook '/home/boko/airship_simulation_ros_jazzy/install/fake_gps_drift/share/fake_gps_drift/hook/pythonscriptspath.sh'
[1.312s] Level 1:colcon.colcon_core.environment:create_environment_scripts_only(fake_gps_drift)
[1.312s] INFO:colcon.colcon_core.shell:Creating package script '/home/boko/airship_simulation_ros_jazzy/install/fake_gps_drift/share/fake_gps_drift/package.ps1'
[1.313s] INFO:colcon.colcon_core.shell:Creating package descriptor '/home/boko/airship_simulation_ros_jazzy/install/fake_gps_drift/share/fake_gps_drift/package.dsv'
[1.313s] INFO:colcon.colcon_core.shell:Creating package script '/home/boko/airship_simulation_ros_jazzy/install/fake_gps_drift/share/fake_gps_drift/package.sh'
[1.314s] INFO:colcon.colcon_core.shell:Creating package script '/home/boko/airship_simulation_ros_jazzy/install/fake_gps_drift/share/fake_gps_drift/package.bash'
[1.314s] INFO:colcon.colcon_core.shell:Creating package script '/home/boko/airship_simulation_ros_jazzy/install/fake_gps_drift/share/fake_gps_drift/package.zsh'
[1.315s] Level 1:colcon.colcon_core.environment:create_file_with_runtime_dependencies(/home/boko/airship_simulation_ros_jazzy/install/fake_gps_drift/share/colcon-core/packages/fake_gps_drift)
[1.315s] DEBUG:colcon.colcon_parallel_executor.executor.parallel:closing loop
[1.316s] DEBUG:colcon.colcon_parallel_executor.executor.parallel:loop closed
[1.316s] DEBUG:colcon.colcon_parallel_executor.executor.parallel:run_until_complete finished with '0'
[1.316s] DEBUG:colcon.colcon_core.event_reactor:joining thread
[1.321s] INFO:colcon.colcon_core.plugin_system:Skipping extension 'colcon_notification.desktop_notification.terminal_notifier': Not used on non-Darwin systems
[1.322s] INFO:colcon.colcon_core.plugin_system:Skipping extension 'colcon_notification.desktop_notification.win32': Not used on non-Windows systems
[1.322s] INFO:colcon.colcon_notification.desktop_notification:Sending desktop notification using 'notify2'
[1.339s] DEBUG:colcon.colcon_core.event_reactor:joined thread
[1.339s] INFO:colcon.colcon_core.shell:Creating prefix script '/home/boko/airship_simulation_ros_jazzy/install/local_setup.ps1'
[1.340s] INFO:colcon.colcon_core.shell:Creating prefix util module '/home/boko/airship_simulation_ros_jazzy/install/_local_setup_util_ps1.py'
[1.340s] INFO:colcon.colcon_core.shell:Creating prefix chain script '/home/boko/airship_simulation_ros_jazzy/install/setup.ps1'
[1.341s] INFO:colcon.colcon_core.shell:Creating prefix script '/home/boko/airship_simulation_ros_jazzy/install/local_setup.sh'
[1.342s] INFO:colcon.colcon_core.shell:Creating prefix util module '/home/boko/airship_simulation_ros_jazzy/install/_local_setup_util_sh.py'
[1.342s] INFO:colcon.colcon_core.shell:Creating prefix chain script '/home/boko/airship_simulation_ros_jazzy/install/setup.sh'
[1.343s] INFO:colcon.colcon_core.shell:Creating prefix script '/home/boko/airship_simulation_ros_jazzy/install/local_setup.bash'
[1.343s] INFO:colcon.colcon_core.shell:Creating prefix chain script '/home/boko/airship_simulation_ros_jazzy/install/setup.bash'
[1.344s] INFO:colcon.colcon_core.shell:Creating prefix script '/home/boko/airship_simulation_ros_jazzy/install/local_setup.zsh'
[1.344s] INFO:colcon.colcon_core.shell:Creating prefix chain script '/home/boko/airship_simulation_ros_jazzy/install/setup.zsh'
