[0.550s] Invoking command in '/home/boko/airship_simulation_ros_jazzy/src/fake_gps_drift': DEBUGINFOD_URLS=https://debuginfod.ubuntu.com PYTHONPATH=/home/boko/airship_simulation_ros_jazzy/build/fake_gps_drift/prefix_override:/usr/lib/python3/dist-packages/colcon_core/task/python/colcon_distutils_commands:/home/boko/airship_simulation_ros_jazzy/install/fake_gps_drift/lib/python3.12/site-packages:${PYTHONPATH} /usr/bin/python3 -W ignore:setup.py install is deprecated -W ignore:easy_install command is deprecated setup.py egg_info --egg-base ../../build/fake_gps_drift build --build-base /home/boko/airship_simulation_ros_jazzy/build/fake_gps_drift/build install --record /home/boko/airship_simulation_ros_jazzy/build/fake_gps_drift/install.log --single-version-externally-managed install_data
[0.734s] running egg_info
[0.747s] writing ../../build/fake_gps_drift/fake_gps_drift.egg-info/PKG-INFO
[0.747s] writing dependency_links to ../../build/fake_gps_drift/fake_gps_drift.egg-info/dependency_links.txt
[0.747s] writing entry points to ../../build/fake_gps_drift/fake_gps_drift.egg-info/entry_points.txt
[0.747s] writing requirements to ../../build/fake_gps_drift/fake_gps_drift.egg-info/requires.txt
[0.747s] writing top-level names to ../../build/fake_gps_drift/fake_gps_drift.egg-info/top_level.txt
[0.774s] reading manifest file '../../build/fake_gps_drift/fake_gps_drift.egg-info/SOURCES.txt'
[0.774s] adding license file 'LICENSE'
[0.774s] writing manifest file '../../build/fake_gps_drift/fake_gps_drift.egg-info/SOURCES.txt'
[0.774s] running build
[0.774s] running build_py
[0.774s] copying fake_gps_drift/__init__.py -> /home/boko/airship_simulation_ros_jazzy/build/fake_gps_drift/build/lib/fake_gps_drift
[0.775s] running install
[0.779s] running install_lib
[0.793s] copying /home/boko/airship_simulation_ros_jazzy/build/fake_gps_drift/build/lib/fake_gps_drift/__init__.py -> /home/boko/airship_simulation_ros_jazzy/install/fake_gps_drift/lib/python3.12/site-packages/fake_gps_drift
[0.793s] byte-compiling /home/boko/airship_simulation_ros_jazzy/install/fake_gps_drift/lib/python3.12/site-packages/fake_gps_drift/__init__.py to __init__.cpython-312.pyc
[0.794s] running install_data
[0.794s] copying resource/fake_gps_drift -> /home/boko/airship_simulation_ros_jazzy/install/fake_gps_drift/share/ament_index/resource_index/packages
[0.794s] running install_egg_info
[0.811s] removing '/home/boko/airship_simulation_ros_jazzy/install/fake_gps_drift/lib/python3.12/site-packages/fake_gps_drift-0.0.0-py3.12.egg-info' (and everything under it)
[0.811s] Copying ../../build/fake_gps_drift/fake_gps_drift.egg-info to /home/boko/airship_simulation_ros_jazzy/install/fake_gps_drift/lib/python3.12/site-packages/fake_gps_drift-0.0.0-py3.12.egg-info
[0.811s] running install_scripts
[0.902s] Installing fake_gps_drift_node script to /home/boko/airship_simulation_ros_jazzy/install/fake_gps_drift/lib/fake_gps_drift
[0.902s] writing list of installed files to '/home/boko/airship_simulation_ros_jazzy/build/fake_gps_drift/install.log'
[0.918s] Invoked command in '/home/boko/airship_simulation_ros_jazzy/src/fake_gps_drift' returned '0': DEBUGINFOD_URLS=https://debuginfod.ubuntu.com PYTHONPATH=/home/boko/airship_simulation_ros_jazzy/build/fake_gps_drift/prefix_override:/usr/lib/python3/dist-packages/colcon_core/task/python/colcon_distutils_commands:/home/boko/airship_simulation_ros_jazzy/install/fake_gps_drift/lib/python3.12/site-packages:${PYTHONPATH} /usr/bin/python3 -W ignore:setup.py install is deprecated -W ignore:easy_install command is deprecated setup.py egg_info --egg-base ../../build/fake_gps_drift build --build-base /home/boko/airship_simulation_ros_jazzy/build/fake_gps_drift/build install --record /home/boko/airship_simulation_ros_jazzy/build/fake_gps_drift/install.log --single-version-externally-managed install_data
