running develop
Removing /home/boko/airship_simulation_ros_jazzy/install/fake_gps_drift/lib/python3.12/site-packages/fake-gps-drift.egg-link (link to .)
running egg_info
writing ../../build/fake_gps_drift/fake_gps_drift.egg-info/PKG-INFO
writing dependency_links to ../../build/fake_gps_drift/fake_gps_drift.egg-info/dependency_links.txt
writing entry points to ../../build/fake_gps_drift/fake_gps_drift.egg-info/entry_points.txt
writing requirements to ../../build/fake_gps_drift/fake_gps_drift.egg-info/requires.txt
writing top-level names to ../../build/fake_gps_drift/fake_gps_drift.egg-info/top_level.txt
reading manifest file '../../build/fake_gps_drift/fake_gps_drift.egg-info/SOURCES.txt'
adding license file 'LICENSE'
writing manifest file '../../build/fake_gps_drift/fake_gps_drift.egg-info/SOURCES.txt'
running build
running build_py
creating /home/boko/airship_simulation_ros_jazzy/build/fake_gps_drift/build
creating /home/boko/airship_simulation_ros_jazzy/build/fake_gps_drift/build/lib
creating /home/boko/airship_simulation_ros_jazzy/build/fake_gps_drift/build/lib/fake_gps_drift
copying fake_gps_drift/fake_gps_drift_node.py -> /home/boko/airship_simulation_ros_jazzy/build/fake_gps_drift/build/lib/fake_gps_drift
copying fake_gps_drift/__init__.py -> /home/boko/airship_simulation_ros_jazzy/build/fake_gps_drift/build/lib/fake_gps_drift
running install
running install_lib
creating /home/boko/airship_simulation_ros_jazzy/install/fake_gps_drift/lib/python3.12/site-packages/fake_gps_drift
copying /home/boko/airship_simulation_ros_jazzy/build/fake_gps_drift/build/lib/fake_gps_drift/fake_gps_drift_node.py -> /home/boko/airship_simulation_ros_jazzy/install/fake_gps_drift/lib/python3.12/site-packages/fake_gps_drift
copying /home/boko/airship_simulation_ros_jazzy/build/fake_gps_drift/build/lib/fake_gps_drift/__init__.py -> /home/boko/airship_simulation_ros_jazzy/install/fake_gps_drift/lib/python3.12/site-packages/fake_gps_drift
byte-compiling /home/boko/airship_simulation_ros_jazzy/install/fake_gps_drift/lib/python3.12/site-packages/fake_gps_drift/fake_gps_drift_node.py to fake_gps_drift_node.cpython-312.pyc
byte-compiling /home/boko/airship_simulation_ros_jazzy/install/fake_gps_drift/lib/python3.12/site-packages/fake_gps_drift/__init__.py to __init__.cpython-312.pyc
running install_data
copying resource/fake_gps_drift -> /home/boko/airship_simulation_ros_jazzy/install/fake_gps_drift/share/ament_index/resource_index/packages
copying package.xml -> /home/boko/airship_simulation_ros_jazzy/install/fake_gps_drift/share/fake_gps_drift
copying launch/default.launch.py -> /home/boko/airship_simulation_ros_jazzy/install/fake_gps_drift/share/fake_gps_drift/launch
running install_egg_info
Copying ../../build/fake_gps_drift/fake_gps_drift.egg-info to /home/boko/airship_simulation_ros_jazzy/install/fake_gps_drift/lib/python3.12/site-packages/fake_gps_drift-0.0.0-py3.12.egg-info
running install_scripts
Installing fake_gps_drift_node script to /home/boko/airship_simulation_ros_jazzy/install/fake_gps_drift/bin
writing list of installed files to '/home/boko/airship_simulation_ros_jazzy/build/fake_gps_drift/install.log'
